<?xml version="1.0" encoding="UTF-8"?>
<!-- Generated by org.testng.reporters.JUnitReportReporter -->
<testsuite hostname="HYDPCM404434L" failures="0" tests="2" name="Runner.TestRunner" time="13.065" errors="0" timestamp="2022-07-06T00:29:14 IST" skipped="2">
  <testcase classname="Runner.TestRunner" name="runScenario" time="12.812">
    <skipped/>
  </testcase> <!-- runScenario -->
  <system-out>
<div "result">User should open the browser and navigate to the URL (FAILED : 12s)</div> <div "result">User is on securian public facing application (SKIPPED)</div> <div "result">User provides all the required fields in the application to calculate the savings (SKIPPED)</div> <div "result">user will be able to see the total savings after his retirement with out social securoty benefits (SKIPPED)</div>  </system-out>
  <testcase classname="Runner.TestRunner" name="runScenario" time="0.253">
    <skipped/>
  </testcase> <!-- runScenario -->
  <system-out>
<div "result">User should open the browser and navigate to the URL (FAILED : 0s)</div> <div "result">User is on securian public facing application (SKIPPED)</div> <div "result">User provides all the required fields in the application to calculate the savings with SSI (SKIPPED)</div> <div "result">user will be able to see the total savings after his retirement with social securoty benefits (SKIPPED)</div>  </system-out>
</testsuite> <!-- Runner.TestRunner -->
